<?xml version="1.0" encoding="UTF-8"?>
<testng-results ignored="0" total="1" passed="1" failed="0" skipped="0">
  <reporter-output>
  </reporter-output>
  <suite started-at="2022-02-09T18:16:49 IST" name="Default suite" finished-at="2022-02-09T18:17:01 IST" duration-ms="11288">
    <groups>
    </groups>
    <test started-at="2022-02-09T18:16:49 IST" name="Default test" finished-at="2022-02-09T18:17:01 IST" duration-ms="11288">
      <class name="com.TestCase.TC_HRMLogin_001">
        <test-method is-config="true" signature="setup()[pri:0, instance:com.TestCase.TC_HRMLogin_001@3d5c822d]" started-at="2022-02-09T18:16:49 IST" name="setup" finished-at="2022-02-09T18:17:01 IST" duration-ms="11245" status="PASS">
          <reporter-output>
          </reporter-output>
        </test-method> <!-- setup -->
        <test-method signature="ValidatonLogin()[pri:0, instance:com.TestCase.TC_HRMLogin_001@3d5c822d]" started-at="2022-02-09T18:17:01 IST" name="ValidatonLogin" finished-at="2022-02-09T18:17:01 IST" duration-ms="14" status="PASS">
          <reporter-output>
          </reporter-output>
        </test-method> <!-- ValidatonLogin -->
        <test-method is-config="true" signature="teardown()[pri:0, instance:com.TestCase.TC_HRMLogin_001@3d5c822d]" started-at="2022-02-09T18:17:01 IST" name="teardown" finished-at="2022-02-09T18:17:01 IST" duration-ms="0" status="PASS">
          <reporter-output>
          </reporter-output>
        </test-method> <!-- teardown -->
      </class> <!-- com.TestCase.TC_HRMLogin_001 -->
    </test> <!-- Default test -->
  </suite> <!-- Default suite -->
</testng-results>
